<?xml version="1.0" encoding="UTF-8"?>
<!-- Generated by org.testng.reporters.JUnitXMLReporter -->
<testsuite hostname="com-umesh" name="Test" tests="6" failures="0" timestamp="3 Dec 2018 19:53:39 GMT" time="0.091" errors="0">
  <testcase name="RUN1" time="0.019" classname="Com.LearnMaven.NewTest"/>
  <testcase name="RUN12" time="0.003" classname="Com.LearnMaven.NewTest"/>
  <testcase name="RUN3" time="0.003" classname="Com.LearnMaven.NewTest"/>
  <testcase name="RUN1" time="0.002" classname="Com.LearnMaven.NewTest2"/>
  <testcase name="RUN12" time="0.004" classname="Com.LearnMaven.NewTest2"/>
  <testcase name="RUN3" time="0.01" classname="Com.LearnMaven.NewTest2"/>
</testsuite> <!-- Test -->
