<?xml version="1.0" encoding="UTF-8"?>
<testng-results skipped="0" failed="0" total="1" passed="1">
  <reporter-output>
  </reporter-output>
  <suite name="Default suite" duration-ms="7405" started-at="2019-04-02T19:21:54Z" finished-at="2019-04-02T19:22:02Z">
    <groups>
    </groups>
    <test name="Default test" duration-ms="7405" started-at="2019-04-02T19:21:54Z" finished-at="2019-04-02T19:22:02Z">
      <class name="Com.LearnMaven.Handle_CheckBOX">
        <test-method status="PASS" signature="openbrowser()[pri:0, instance:Com.LearnMaven.Handle_CheckBOX@4883b407]" name="openbrowser" is-config="true" duration-ms="2879" started-at="2019-04-03T00:51:54Z" finished-at="2019-04-03T00:51:57Z">
          <reporter-output>
          </reporter-output>
        </test-method> <!-- openbrowser -->
        <test-method status="PASS" signature="checkcoxclick()[pri:0, instance:Com.LearnMaven.Handle_CheckBOX@4883b407]" name="checkcoxclick" duration-ms="3866" started-at="2019-04-03T00:51:57Z" finished-at="2019-04-03T00:52:01Z">
          <reporter-output>
          </reporter-output>
        </test-method> <!-- checkcoxclick -->
        <test-method status="PASS" signature="closeBrowser()[pri:0, instance:Com.LearnMaven.Handle_CheckBOX@4883b407]" name="closeBrowser" is-config="true" duration-ms="643" started-at="2019-04-03T00:52:01Z" finished-at="2019-04-03T00:52:02Z">
          <reporter-output>
          </reporter-output>
        </test-method> <!-- closeBrowser -->
      </class> <!-- Com.LearnMaven.Handle_CheckBOX -->
    </test> <!-- Default test -->
  </suite> <!-- Default suite -->
</testng-results>
