<?xml version="1.0" encoding="UTF-8"?>
<!-- Generated by org.testng.reporters.JUnitXMLReporter -->
<testsuite hostname="com-umesh" name="Default test" tests="5" failures="0" timestamp="12 Dec 2018 18:32:48 GMT" time="13.751" errors="0">
  <testcase name="RUN1" time="13.713" classname="Com.LearnMaven.NewTest"/>
  <testcase name="RUN12" time="0.002" classname="Com.LearnMaven.NewTest"/>
  <testcase name="RUN3" time="0.002" classname="Com.LearnMaven.NewTest"/>
  <testcase name="RUN4" time="0.002" classname="Com.LearnMaven.NewTest"/>
  <testcase name="RUN5" time="0.004" classname="Com.LearnMaven.NewTest"/>
</testsuite> <!-- Default test -->
